main.cpp:7:main| ***** main start *****  
main.cpp:9:main| ========== start cpp_test() ==========  
skp_cpp.cpp:178:cpp_test| ========== start cpp_lib_test() ==========  
skp_cpp.cpp:178:cpp_test| ========== end cpp_lib_test() ==========  
skp_cpp.cpp:179:cpp_test| ========== start allocator_test() ==========  
skp_cpp.cpp:179:cpp_test| ========== end allocator_test() ==========  
skp_cpp.cpp:180:cpp_test| ========== start allocator_make_test() ==========  
skp_cpp.cpp:180:cpp_test| ========== end allocator_make_test() ==========  
skp_cpp.cpp:181:cpp_test| ========== start move_forward_test() ==========  
skp_cpp.cpp:120:move_forward_test| ========== start fun_test(1) ==========  
skp_cpp.cpp:83:fun_test|in t = 1 
skp_cpp.cpp:84:fun_test| ========== start fun(t) ==========  
skp_cpp.cpp:34:fun|lvalue ref 
skp_cpp.cpp:84:fun_test| ========== end fun(t) ==========  
skp_cpp.cpp:85:fun_test|out t = 10 
skp_cpp.cpp:120:move_forward_test| ========== end fun_test(1) ==========  
skp_cpp.cpp:121:move_forward_test| ========== start fun_forward_test(1) ==========  
skp_cpp.cpp:91:fun_forward_test|in t = 1 
skp_cpp.cpp:92:fun_forward_test| ========== start fun(std::forward<T>(t)) ==========  
skp_cpp.cpp:40:fun|rvalue ref 
skp_cpp.cpp:92:fun_forward_test| ========== end fun(std::forward<T>(t)) ==========  
skp_cpp.cpp:93:fun_forward_test|out t = 11 
skp_cpp.cpp:121:move_forward_test| ========== end fun_forward_test(1) ==========  
skp_cpp.cpp:122:move_forward_test| ========== start fun_test_1(1) ==========  
skp_cpp.cpp:99:fun_test_1|in t = 1 
skp_cpp.cpp:100:fun_test_1| ========== start fun_1(t) ==========  
skp_cpp.cpp:56:fun_1|lvalue ref 
skp_cpp.cpp:100:fun_test_1| ========== end fun_1(t) ==========  
skp_cpp.cpp:101:fun_test_1|out t = 20 
skp_cpp.cpp:122:move_forward_test| ========== end fun_test_1(1) ==========  
skp_cpp.cpp:123:move_forward_test| ========== start fun_forward_test_1(1) ==========  
skp_cpp.cpp:107:fun_forward_test_1|in t = 1 
skp_cpp.cpp:108:fun_forward_test_1| ========== start fun_1(std::forward<T>(t)) ==========  
skp_cpp.cpp:63:fun_1|rvalue ref 
skp_cpp.cpp:108:fun_forward_test_1| ========== end fun_1(std::forward<T>(t)) ==========  
skp_cpp.cpp:109:fun_forward_test_1|out t = 21 
skp_cpp.cpp:123:move_forward_test| ========== end fun_forward_test_1(1) ==========  
skp_cpp.cpp:126:move_forward_test| ========== start fun_test(n) ==========  
skp_cpp.cpp:83:fun_test|in t = 2 
skp_cpp.cpp:84:fun_test| ========== start fun(t) ==========  
skp_cpp.cpp:34:fun|lvalue ref 
skp_cpp.cpp:84:fun_test| ========== end fun(t) ==========  
skp_cpp.cpp:85:fun_test|out t = 10 
skp_cpp.cpp:126:move_forward_test| ========== end fun_test(n) ==========  
skp_cpp.cpp:127:move_forward_test| ========== start fun_forward_test(n) ==========  
skp_cpp.cpp:91:fun_forward_test|in t = 10 
skp_cpp.cpp:92:fun_forward_test| ========== start fun(std::forward<T>(t)) ==========  
skp_cpp.cpp:34:fun|lvalue ref 
skp_cpp.cpp:92:fun_forward_test| ========== end fun(std::forward<T>(t)) ==========  
skp_cpp.cpp:93:fun_forward_test|out t = 10 
skp_cpp.cpp:127:move_forward_test| ========== end fun_forward_test(n) ==========  
skp_cpp.cpp:128:move_forward_test| ========== start fun_test_1(n) ==========  
skp_cpp.cpp:99:fun_test_1|in t = 10 
skp_cpp.cpp:100:fun_test_1| ========== start fun_1(t) ==========  
skp_cpp.cpp:56:fun_1|lvalue ref 
skp_cpp.cpp:100:fun_test_1| ========== end fun_1(t) ==========  
skp_cpp.cpp:101:fun_test_1|out t = 20 
skp_cpp.cpp:128:move_forward_test| ========== end fun_test_1(n) ==========  
skp_cpp.cpp:129:move_forward_test| ========== start fun_forward_test_1(n) ==========  
skp_cpp.cpp:107:fun_forward_test_1|in t = 20 
skp_cpp.cpp:108:fun_forward_test_1| ========== start fun_1(std::forward<T>(t)) ==========  
skp_cpp.cpp:56:fun_1|lvalue ref 
skp_cpp.cpp:108:fun_forward_test_1| ========== end fun_1(std::forward<T>(t)) ==========  
skp_cpp.cpp:109:fun_forward_test_1|out t = 20 
skp_cpp.cpp:129:move_forward_test| ========== end fun_forward_test_1(n) ==========  
skp_cpp.cpp:131:move_forward_test| ========== start fun_test(std::move(n)) ==========  
skp_cpp.cpp:83:fun_test|in t = 20 
skp_cpp.cpp:84:fun_test| ========== start fun(t) ==========  
skp_cpp.cpp:34:fun|lvalue ref 
skp_cpp.cpp:84:fun_test| ========== end fun(t) ==========  
skp_cpp.cpp:85:fun_test|out t = 10 
skp_cpp.cpp:131:move_forward_test| ========== end fun_test(std::move(n)) ==========  
skp_cpp.cpp:132:move_forward_test| ========== start fun_forward_test(std::move(n)) ==========  
skp_cpp.cpp:91:fun_forward_test|in t = 10 
skp_cpp.cpp:92:fun_forward_test| ========== start fun(std::forward<T>(t)) ==========  
skp_cpp.cpp:40:fun|rvalue ref 
skp_cpp.cpp:92:fun_forward_test| ========== end fun(std::forward<T>(t)) ==========  
skp_cpp.cpp:93:fun_forward_test|out t = 11 
skp_cpp.cpp:132:move_forward_test| ========== end fun_forward_test(std::move(n)) ==========  
skp_cpp.cpp:133:move_forward_test| ========== start fun_test_1(std::move(n)) ==========  
skp_cpp.cpp:99:fun_test_1|in t = 11 
skp_cpp.cpp:100:fun_test_1| ========== start fun_1(t) ==========  
skp_cpp.cpp:56:fun_1|lvalue ref 
skp_cpp.cpp:100:fun_test_1| ========== end fun_1(t) ==========  
skp_cpp.cpp:101:fun_test_1|out t = 20 
skp_cpp.cpp:133:move_forward_test| ========== end fun_test_1(std::move(n)) ==========  
skp_cpp.cpp:134:move_forward_test| ========== start fun_forward_test_1(std::move(n)) ==========  
skp_cpp.cpp:107:fun_forward_test_1|in t = 20 
skp_cpp.cpp:108:fun_forward_test_1| ========== start fun_1(std::forward<T>(t)) ==========  
skp_cpp.cpp:63:fun_1|rvalue ref 
skp_cpp.cpp:108:fun_forward_test_1| ========== end fun_1(std::forward<T>(t)) ==========  
skp_cpp.cpp:109:fun_forward_test_1|out t = 21 
skp_cpp.cpp:134:move_forward_test| ========== end fun_forward_test_1(std::move(n)) ==========  
skp_cpp.cpp:137:move_forward_test| ========== start fun_test(m) ==========  
skp_cpp.cpp:83:fun_test|in t = 3 
skp_cpp.cpp:84:fun_test| ========== start fun(t) ==========  
skp_cpp.cpp:46:fun|const lvalue ref 
skp_cpp.cpp:84:fun_test| ========== end fun(t) ==========  
skp_cpp.cpp:85:fun_test|out t = 3 
skp_cpp.cpp:137:move_forward_test| ========== end fun_test(m) ==========  
skp_cpp.cpp:138:move_forward_test| ========== start fun_forward_test(m) ==========  
skp_cpp.cpp:91:fun_forward_test|in t = 3 
skp_cpp.cpp:92:fun_forward_test| ========== start fun(std::forward<T>(t)) ==========  
skp_cpp.cpp:46:fun|const lvalue ref 
skp_cpp.cpp:92:fun_forward_test| ========== end fun(std::forward<T>(t)) ==========  
skp_cpp.cpp:93:fun_forward_test|out t = 3 
skp_cpp.cpp:138:move_forward_test| ========== end fun_forward_test(m) ==========  
skp_cpp.cpp:139:move_forward_test| ========== start fun_test_1(m) ==========  
skp_cpp.cpp:99:fun_test_1|in t = 3 
skp_cpp.cpp:100:fun_test_1| ========== start fun_1(t) ==========  
skp_cpp.cpp:70:fun_1|const lvalue ref 
skp_cpp.cpp:100:fun_test_1| ========== end fun_1(t) ==========  
skp_cpp.cpp:101:fun_test_1|out t = 3 
skp_cpp.cpp:139:move_forward_test| ========== end fun_test_1(m) ==========  
skp_cpp.cpp:140:move_forward_test| ========== start fun_forward_test_1(m) ==========  
skp_cpp.cpp:107:fun_forward_test_1|in t = 3 
skp_cpp.cpp:108:fun_forward_test_1| ========== start fun_1(std::forward<T>(t)) ==========  
skp_cpp.cpp:70:fun_1|const lvalue ref 
skp_cpp.cpp:108:fun_forward_test_1| ========== end fun_1(std::forward<T>(t)) ==========  
skp_cpp.cpp:109:fun_forward_test_1|out t = 3 
skp_cpp.cpp:140:move_forward_test| ========== end fun_forward_test_1(m) ==========  
skp_cpp.cpp:142:move_forward_test| ========== start fun_test(std::move(m)) ==========  
skp_cpp.cpp:83:fun_test|in t = 3 
skp_cpp.cpp:84:fun_test| ========== start fun(t) ==========  
skp_cpp.cpp:46:fun|const lvalue ref 
skp_cpp.cpp:84:fun_test| ========== end fun(t) ==========  
skp_cpp.cpp:85:fun_test|out t = 3 
skp_cpp.cpp:142:move_forward_test| ========== end fun_test(std::move(m)) ==========  
skp_cpp.cpp:143:move_forward_test| ========== start fun_forward_test(std::move(m)) ==========  
skp_cpp.cpp:91:fun_forward_test|in t = 3 
skp_cpp.cpp:92:fun_forward_test| ========== start fun(std::forward<T>(t)) ==========  
skp_cpp.cpp:50:fun|const rvalue ref 
skp_cpp.cpp:92:fun_forward_test| ========== end fun(std::forward<T>(t)) ==========  
skp_cpp.cpp:93:fun_forward_test|out t = 3 
skp_cpp.cpp:143:move_forward_test| ========== end fun_forward_test(std::move(m)) ==========  
skp_cpp.cpp:144:move_forward_test| ========== start fun_test_1(std::move(m)) ==========  
skp_cpp.cpp:99:fun_test_1|in t = 3 
skp_cpp.cpp:100:fun_test_1| ========== start fun_1(t) ==========  
skp_cpp.cpp:70:fun_1|const lvalue ref 
skp_cpp.cpp:100:fun_test_1| ========== end fun_1(t) ==========  
skp_cpp.cpp:101:fun_test_1|out t = 3 
skp_cpp.cpp:144:move_forward_test| ========== end fun_test_1(std::move(m)) ==========  
skp_cpp.cpp:145:move_forward_test| ========== start fun_forward_test_1(std::move(m)) ==========  
skp_cpp.cpp:107:fun_forward_test_1|in t = 3 
skp_cpp.cpp:108:fun_forward_test_1| ========== start fun_1(std::forward<T>(t)) ==========  
skp_cpp.cpp:76:fun_1|const rvalue ref 
skp_cpp.cpp:108:fun_forward_test_1| ========== end fun_1(std::forward<T>(t)) ==========  
skp_cpp.cpp:109:fun_forward_test_1|out t = 3 
skp_cpp.cpp:145:move_forward_test| ========== end fun_forward_test_1(std::move(m)) ==========  
skp_cpp.cpp:181:cpp_test| ========== end move_forward_test() ==========  
main.cpp:9:main| ========== end cpp_test() ==========  
main.cpp:10:main| ========== start lua_test() ==========  
skp_lua.cpp:327:lua_test| ========== start lua_test_1() ==========  
skp_lua.cpp:51:lua_test_1| ========== start loadFile(lua_config_path + "func.lua", data) ==========  
skp_lua.cpp:51:lua_test_1| ========== end loadFile(lua_config_path + "func.lua", data) ==========  
skp_lua_log.cpp:90:lua_log_print|  
skp_lua_log.cpp:90:lua_log_print|  
skp_lua_call.cpp:49:skp_lua_bindIn|*******star skp_lua_bindIn*********** 
skp_lua_call.cpp:108:skp_lua_bindIn|index[1], name[FIELD_INT32] type[5], size[4], data[10] 
skp_lua_call.cpp:108:skp_lua_bindIn|index[2], name[FIELD_INT32] type[5], size[4], data[15] 
skp_lua_call.cpp:173:skp_lua_bindIn|bindIn size = [2] 
skp_lua_call.cpp:174:skp_lua_bindIn|*******end skp_lua_bindIn*********** 
skp_lua_log.cpp:90:lua_log_print|  
skp_lua_call.cpp:181:skp_lua_bindOut|*******start skp_lua_bindOut*********** 
skp_lua_call.cpp:200:skp_lua_bindOut|luaIndex = -1 
skp_lua_call.cpp:282:skp_lua_bindOut|index[1], name[FIELD_INT32] type[5], size[4], data[25] 
skp_lua_call.cpp:409:skp_lua_bindOut|bindOut size = [1] 
skp_lua_call.cpp:410:skp_lua_bindOut|*******end skp_lua_bindOut*********** 
skp_lua.cpp:55:lua_test_1|10 + 15 = 25 
skp_lua.cpp:78:lua_test_1| ========== start loadFile(lua_config_path + "func.lua", data) ==========  
skp_lua.cpp:78:lua_test_1| ========== end loadFile(lua_config_path + "func.lua", data) ==========  
skp_lua_log.cpp:90:lua_log_print|  
skp_lua_log.cpp:90:lua_log_print|  
skp_lua_call.cpp:49:skp_lua_bindIn|*******star skp_lua_bindIn*********** 
skp_lua_call.cpp:108:skp_lua_bindIn|index[1], name[FIELD_INT32] type[5], size[4], data[10] 
skp_lua_call.cpp:108:skp_lua_bindIn|index[2], name[FIELD_INT32] type[5], size[4], data[15] 
skp_lua_call.cpp:173:skp_lua_bindIn|bindIn size = [2] 
skp_lua_call.cpp:174:skp_lua_bindIn|*******end skp_lua_bindIn*********** 
skp_lua_log.cpp:90:lua_log_print|  
skp_lua_call.cpp:181:skp_lua_bindOut|*******start skp_lua_bindOut*********** 
skp_lua_call.cpp:200:skp_lua_bindOut|luaIndex = -1 
skp_lua_call.cpp:282:skp_lua_bindOut|index[1], name[FIELD_INT32] type[5], size[4], data[25] 
skp_lua_call.cpp:409:skp_lua_bindOut|bindOut size = [1] 
skp_lua_call.cpp:410:skp_lua_bindOut|*******end skp_lua_bindOut*********** 
skp_lua.cpp:81:lua_test_1|10 + 15 = 25 
skp_lua_log.cpp:90:lua_log_print|  
skp_lua_log.cpp:90:lua_log_print|  
skp_lua_call.cpp:49:skp_lua_bindIn|*******star skp_lua_bindIn*********** 
skp_lua_call.cpp:108:skp_lua_bindIn|index[1], name[FIELD_INT32] type[5], size[4], data[10] 
skp_lua_call.cpp:108:skp_lua_bindIn|index[2], name[FIELD_INT32] type[5], size[4], data[15] 
skp_lua_call.cpp:173:skp_lua_bindIn|bindIn size = [2] 
skp_lua_call.cpp:174:skp_lua_bindIn|*******end skp_lua_bindIn*********** 
skp_lua_log.cpp:90:lua_log_print|  
skp_lua_call.cpp:181:skp_lua_bindOut|*******start skp_lua_bindOut*********** 
skp_lua_call.cpp:200:skp_lua_bindOut|luaIndex = -1 
skp_lua_call.cpp:282:skp_lua_bindOut|index[1], name[FIELD_INT32] type[5], size[4], data[25] 
skp_lua_call.cpp:409:skp_lua_bindOut|bindOut size = [1] 
skp_lua_call.cpp:410:skp_lua_bindOut|*******end skp_lua_bindOut*********** 
skp_lua.cpp:106:lua_test_1|10 + 15 = 25 
skp_lua_log.cpp:90:lua_log_print|  
skp_lua_log.cpp:90:lua_log_print|  
skp_lua_call.cpp:49:skp_lua_bindIn|*******star skp_lua_bindIn*********** 
skp_lua_call.cpp:80:skp_lua_bindIn|index[1], name[FIELD_INT8] type[1], size[1], data[1] 
skp_lua_call.cpp:87:skp_lua_bindIn|index[2], name[FIELD_UINT8] type[2], size[1], data[2] 
skp_lua_call.cpp:94:skp_lua_bindIn|index[3], name[FIELD_INT16] type[3], size[2], data[3] 
skp_lua_call.cpp:101:skp_lua_bindIn|index[4], name[FIELD_UINT16] type[4], size[2], data[4] 
skp_lua_call.cpp:108:skp_lua_bindIn|index[5], name[FIELD_INT32] type[5], size[4], data[5] 
skp_lua_call.cpp:115:skp_lua_bindIn|index[6], name[FIELD_UINT32] type[6], size[4], data[6] 
skp_lua_call.cpp:122:skp_lua_bindIn|index[7], name[FIELD_INT64] type[7], size[8], data[7] 
skp_lua_call.cpp:129:skp_lua_bindIn|index[8], name[FIELD_UINT64] type[8], size[8], data[8] 
skp_lua_call.cpp:136:skp_lua_bindIn|index[9], name[FIELD_DOUBLE] type[9], size[8], data[9.000000] 
skp_lua_call.cpp:143:skp_lua_bindIn|index[10], name[FIELD_CHAR] type[10], size[5], data[12345] 
skp_lua_call.cpp:151:skp_lua_bindIn|index[11], name[FIELD_BINARY] type[11], size[6] 
skp_lua_call.cpp:152:skp_lua_bindIn|**********start data********** 
skp_lua_call.cpp:156:skp_lua_bindIn|0x61 
skp_lua_call.cpp:156:skp_lua_bindIn|0x62 
skp_lua_call.cpp:156:skp_lua_bindIn|0 
skp_lua_call.cpp:156:skp_lua_bindIn|0x63 
skp_lua_call.cpp:156:skp_lua_bindIn|0x64 
skp_lua_call.cpp:156:skp_lua_bindIn|0x65 
skp_lua_call.cpp:158:skp_lua_bindIn|**********end data********** 
skp_lua_call.cpp:173:skp_lua_bindIn|bindIn size = [11] 
skp_lua_call.cpp:174:skp_lua_bindIn|*******end skp_lua_bindIn*********** 
skp_lua_log.cpp:90:lua_log_print|            
skp_lua_call.cpp:181:skp_lua_bindOut|*******start skp_lua_bindOut*********** 
skp_lua_call.cpp:200:skp_lua_bindOut|luaIndex = -11 
skp_lua_call.cpp:226:skp_lua_bindOut|index[1], name[FIELD_INT8] type[1], size[1], data[1] 
skp_lua_call.cpp:200:skp_lua_bindOut|luaIndex = -10 
skp_lua_call.cpp:240:skp_lua_bindOut|index[2], name[FIELD_UINT8] type[2], size[1], data[2] 
skp_lua_call.cpp:200:skp_lua_bindOut|luaIndex = -9 
skp_lua_call.cpp:254:skp_lua_bindOut|index[3], name[FIELD_INT16] type[3], size[2], data[3] 
skp_lua_call.cpp:200:skp_lua_bindOut|luaIndex = -8 
skp_lua_call.cpp:268:skp_lua_bindOut|index[4], name[FIELD_UINT16] type[4], size[2], data[4] 
skp_lua_call.cpp:200:skp_lua_bindOut|luaIndex = -7 
skp_lua_call.cpp:282:skp_lua_bindOut|index[5], name[FIELD_INT32] type[5], size[4], data[5] 
skp_lua_call.cpp:200:skp_lua_bindOut|luaIndex = -6 
skp_lua_call.cpp:296:skp_lua_bindOut|index[6], name[FIELD_UINT32] type[6], size[4], data[6] 
skp_lua_call.cpp:200:skp_lua_bindOut|luaIndex = -5 
skp_lua_call.cpp:310:skp_lua_bindOut|index[7], name[FIELD_INT64] type[7], size[8], data[7] 
skp_lua_call.cpp:200:skp_lua_bindOut|luaIndex = -4 
skp_lua_call.cpp:324:skp_lua_bindOut|index[8], name[FIELD_UINT64] type[8], size[8], data[8] 
skp_lua_call.cpp:200:skp_lua_bindOut|luaIndex = -3 
skp_lua_call.cpp:338:skp_lua_bindOut|index[9], name[FIELD_DOUBLE] type[9], size[8], data[9.000000] 
skp_lua_call.cpp:200:skp_lua_bindOut|luaIndex = -2 
skp_lua_call.cpp:366:skp_lua_bindOut|index[10], name[FIELD_CHAR] type[10], size[5], data[12345] 
skp_lua_call.cpp:200:skp_lua_bindOut|luaIndex = -1 
skp_lua_call.cpp:382:skp_lua_bindOut|len = 6, bind.size = 128, minSize = 6 
skp_lua_call.cpp:389:skp_lua_bindOut|index[11], name[FIELD_BINARY] type[11], size[6] 
skp_lua_call.cpp:390:skp_lua_bindOut|**********start data********** 
skp_lua_call.cpp:394:skp_lua_bindOut|0x61 
skp_lua_call.cpp:394:skp_lua_bindOut|0x62 
skp_lua_call.cpp:394:skp_lua_bindOut|0 
skp_lua_call.cpp:394:skp_lua_bindOut|0x63 
skp_lua_call.cpp:394:skp_lua_bindOut|0x64 
skp_lua_call.cpp:394:skp_lua_bindOut|0x65 
skp_lua_call.cpp:396:skp_lua_bindOut|**********end data********** 
skp_lua_call.cpp:409:skp_lua_bindOut|bindOut size = [11] 
skp_lua_call.cpp:410:skp_lua_bindOut|*******end skp_lua_bindOut*********** 
skp_lua.cpp:185:lua_test_1|1 2 3 4 5 6, 7, 8, 9.000000, 12345, ab 
skp_lua.cpp:327:lua_test| ========== end lua_test_1() ==========  
main.cpp:10:main| ========== end lua_test() ==========  
main.cpp:12:main| ***** main end *****  
